<?xml version="1.0" encoding="UTF-8"?>
<testng-results ignored="0" total="3" passed="2" failed="1" skipped="0">
  <reporter-output>
  </reporter-output>
  <suite started-at="2023-10-17T11:03:51 CEST" name="Suite" finished-at="2023-10-17T11:04:10 CEST" duration-ms="18634">
    <groups>
      <group name="Sanity">
        <method signature="IndexPageTest.VerifySignIn()[pri:0, instance:com.magneto.testCases.IndexPageTest@2f4948e4]" name="VerifySignIn" class="com.magneto.testCases.IndexPageTest"/>
      </group> <!-- Sanity -->
      <group name="smoke">
        <method signature="IndexPageTest.VerifySignIn()[pri:0, instance:com.magneto.testCases.IndexPageTest@2f4948e4]" name="VerifySignIn" class="com.magneto.testCases.IndexPageTest"/>
        <method signature="LoginPageTest.loginTest()[pri:0, instance:com.magneto.testCases.LoginPageTest@217ed35e]" name="loginTest" class="com.magneto.testCases.LoginPageTest"/>
      </group> <!-- smoke -->
      <group name="Smoke">
        <method signature="IndexPageTest.verifyTitle()[pri:0, instance:com.magneto.testCases.IndexPageTest@2f4948e4]" name="verifyTitle" class="com.magneto.testCases.IndexPageTest"/>
      </group> <!-- Smoke -->
    </groups>
    <test started-at="2023-10-17T11:03:51 CEST" name="Test-All" finished-at="2023-10-17T11:04:10 CEST" duration-ms="18634">
      <class name="com.magneto.testCases.LoginPageTest">
        <test-method is-config="true" signature="setup(java.lang.String)[pri:0, instance:com.magneto.testCases.LoginPageTest@217ed35e]" started-at="2023-10-17T11:03:58 CEST" name="setup" finished-at="2023-10-17T11:04:00 CEST" duration-ms="2457" status="PASS">
          <params>
            <param index="0">
              <value>
                <![CDATA[Edge]]>
              </value>
            </param>
          </params>
          <reporter-output>
          </reporter-output>
        </test-method> <!-- setup -->
        <test-method signature="loginTest()[pri:0, instance:com.magneto.testCases.LoginPageTest@217ed35e]" started-at="2023-10-17T11:04:00 CEST" name="loginTest" finished-at="2023-10-17T11:04:09 CEST" duration-ms="8961" status="PASS">
          <reporter-output>
          </reporter-output>
        </test-method> <!-- loginTest -->
        <test-method is-config="true" signature="tearDown()[pri:0, instance:com.magneto.testCases.LoginPageTest@217ed35e]" started-at="2023-10-17T11:04:09 CEST" name="tearDown" finished-at="2023-10-17T11:04:10 CEST" duration-ms="118" status="PASS">
          <reporter-output>
          </reporter-output>
        </test-method> <!-- tearDown -->
      </class> <!-- com.magneto.testCases.LoginPageTest -->
      <class name="com.magneto.testCases.IndexPageTest">
        <test-method is-config="true" signature="loadConfig()[pri:0, instance:com.magneto.testCases.IndexPageTest@2f4948e4]" started-at="2023-10-17T11:03:51 CEST" name="loadConfig" finished-at="2023-10-17T11:03:51 CEST" duration-ms="163" status="PASS">
          <reporter-output>
          </reporter-output>
        </test-method> <!-- loadConfig -->
        <test-method is-config="true" signature="setup(java.lang.String)[pri:0, instance:com.magneto.testCases.IndexPageTest@2f4948e4]" started-at="2023-10-17T11:03:51 CEST" name="setup" finished-at="2023-10-17T11:03:55 CEST" duration-ms="4010" status="PASS">
          <params>
            <param index="0">
              <value>
                <![CDATA[Edge]]>
              </value>
            </param>
          </params>
          <reporter-output>
          </reporter-output>
        </test-method> <!-- setup -->
        <test-method signature="VerifySignIn()[pri:0, instance:com.magneto.testCases.IndexPageTest@2f4948e4]" started-at="2023-10-17T11:03:55 CEST" name="VerifySignIn" finished-at="2023-10-17T11:03:55 CEST" duration-ms="73" status="PASS">
          <reporter-output>
          </reporter-output>
        </test-method> <!-- VerifySignIn -->
        <test-method is-config="true" signature="tearDown()[pri:0, instance:com.magneto.testCases.IndexPageTest@2f4948e4]" started-at="2023-10-17T11:03:55 CEST" name="tearDown" finished-at="2023-10-17T11:03:55 CEST" duration-ms="100" status="PASS">
          <reporter-output>
          </reporter-output>
        </test-method> <!-- tearDown -->
        <test-method is-config="true" signature="setup(java.lang.String)[pri:0, instance:com.magneto.testCases.IndexPageTest@2f4948e4]" started-at="2023-10-17T11:03:55 CEST" name="setup" finished-at="2023-10-17T11:03:57 CEST" duration-ms="2374" status="PASS">
          <params>
            <param index="0">
              <value>
                <![CDATA[Edge]]>
              </value>
            </param>
          </params>
          <reporter-output>
          </reporter-output>
        </test-method> <!-- setup -->
        <test-method signature="verifyTitle()[pri:0, instance:com.magneto.testCases.IndexPageTest@2f4948e4]" started-at="2023-10-17T11:03:57 CEST" name="verifyTitle" finished-at="2023-10-17T11:03:58 CEST" duration-ms="11" status="FAIL">
          <exception class="java.lang.AssertionError">
            <message>
              <![CDATA[expected [Home Page1] but found [Home Page]]]>
            </message>
            <full-stacktrace>
              <![CDATA[java.lang.AssertionError: expected [Home Page1] but found [Home Page]
at org.testng.Assert.fail(Assert.java:111)
at org.testng.Assert.failNotEquals(Assert.java:1578)
at org.testng.Assert.assertEqualsImpl(Assert.java:150)
at org.testng.Assert.assertEquals(Assert.java:132)
at org.testng.Assert.assertEquals(Assert.java:656)
at org.testng.Assert.assertEquals(Assert.java:666)
at com.magneto.testCases.IndexPageTest.verifyTitle(IndexPageTest.java:41)
at java.base/jdk.internal.reflect.DirectMethodHandleAccessor.invoke(DirectMethodHandleAccessor.java:104)
at java.base/java.lang.reflect.Method.invoke(Method.java:578)
at org.testng.internal.invokers.MethodInvocationHelper.invokeMethod(MethodInvocationHelper.java:139)
at org.testng.internal.invokers.TestInvoker.invokeMethod(TestInvoker.java:664)
at org.testng.internal.invokers.TestInvoker.invokeTestMethod(TestInvoker.java:227)
at org.testng.internal.invokers.MethodRunner.runInSequence(MethodRunner.java:50)
at org.testng.internal.invokers.TestInvoker$MethodInvocationAgent.invoke(TestInvoker.java:957)
at org.testng.internal.invokers.TestInvoker.invokeTestMethods(TestInvoker.java:200)
at org.testng.internal.invokers.TestMethodWorker.invokeTestMethods(TestMethodWorker.java:148)
at org.testng.internal.invokers.TestMethodWorker.run(TestMethodWorker.java:128)
at java.base/java.util.ArrayList.forEach(ArrayList.java:1511)
at org.testng.TestRunner.privateRun(TestRunner.java:848)
at org.testng.TestRunner.run(TestRunner.java:621)
at org.testng.SuiteRunner.runTest(SuiteRunner.java:443)
at org.testng.SuiteRunner.runSequentially(SuiteRunner.java:437)
at org.testng.SuiteRunner.privateRun(SuiteRunner.java:397)
at org.testng.SuiteRunner.run(SuiteRunner.java:336)
at org.testng.SuiteRunnerWorker.runSuite(SuiteRunnerWorker.java:52)
at org.testng.SuiteRunnerWorker.run(SuiteRunnerWorker.java:95)
at org.testng.TestNG.runSuitesSequentially(TestNG.java:1280)
at org.testng.TestNG.runSuitesLocally(TestNG.java:1200)
at org.testng.TestNG.runSuites(TestNG.java:1114)
at org.testng.TestNG.run(TestNG.java:1082)
at org.testng.remote.AbstractRemoteTestNG.run(AbstractRemoteTestNG.java:115)
at org.testng.remote.RemoteTestNG.initAndRun(RemoteTestNG.java:251)
at org.testng.remote.RemoteTestNG.main(RemoteTestNG.java:77)
]]>
            </full-stacktrace>
          </exception> <!-- java.lang.AssertionError -->
          <reporter-output>
          </reporter-output>
        </test-method> <!-- verifyTitle -->
        <test-method is-config="true" signature="tearDown()[pri:0, instance:com.magneto.testCases.IndexPageTest@2f4948e4]" started-at="2023-10-17T11:03:58 CEST" name="tearDown" finished-at="2023-10-17T11:03:58 CEST" duration-ms="101" status="PASS">
          <reporter-output>
          </reporter-output>
        </test-method> <!-- tearDown -->
        <test-method is-config="true" signature="afterSuite()[pri:0, instance:com.magneto.testCases.IndexPageTest@2f4948e4]" started-at="2023-10-17T11:04:10 CEST" name="afterSuite" finished-at="2023-10-17T11:04:10 CEST" duration-ms="220" status="PASS">
          <reporter-output>
          </reporter-output>
        </test-method> <!-- afterSuite -->
      </class> <!-- com.magneto.testCases.IndexPageTest -->
    </test> <!-- Test-All -->
  </suite> <!-- Suite -->
</testng-results>
