<?xml version="1.0" encoding="UTF-8"?>
<!-- Generated by org.testng.reporters.JUnitXMLReporter -->
<testsuite ignored="1" hostname="Lakshmi_Azus" failures="0" tests="2" name="Smoke" time="20.002" errors="0" timestamp="2023-10-16T16:04:26 CEST">
  <testcase classname="com.magneto.testCases.IndexPageTest" name="VerifySignIn" time="0.495"/>
  <testcase classname="com.magneto.testCases.LoginPageTest" name="loginTest" time="9.041"/>
  <testcase classname="com.magneto.base.BaseClass" name="@BeforeSuite loadConfig" time="0.0">
    <ignored/>
  </testcase> <!-- @BeforeSuite loadConfig -->
</testsuite> <!-- Smoke -->
